<?xml version="1.0" encoding="UTF-8"?>
<!-- Generated by org.testng.reporters.JUnitReportReporter -->
<testsuite hostname="Arun-PC" failures="0" tests="2" name="qaclickacademy.RESTAPITest" time="0.013" errors="0" timestamp="31 May 2019 06:16:27 GMT" skipped="0">
  <testcase classname="qaclickacademy.RESTAPITest" name="rest2" time="0.004"/>
  <testcase classname="qaclickacademy.RESTAPITest" name="rest1" time="0.009"/>
</testsuite> <!-- qaclickacademy.RESTAPITest -->
