<?xml version="1.0" encoding="UTF-8"?>
<!-- Generated by org.testng.reporters.JUnitReportReporter -->
<testsuite hostname="Arun-PC" failures="0" tests="2" name="qaclickacademy.seleniumTest" time="0.015" errors="0" timestamp="31 May 2019 06:16:27 GMT" skipped="0">
  <testcase classname="qaclickacademy.seleniumTest" name="selenium2" time="0.008"/>
  <testcase classname="qaclickacademy.seleniumTest" name="selenium1" time="0.007"/>
</testsuite> <!-- qaclickacademy.seleniumTest -->
