<?xml version="1.0" encoding="UTF-8"?>
<!-- Generated by org.testng.reporters.JUnitReportReporter -->
<testsuite skipped="0" hostname="Arun-PC" name="qaclickacademy.seleniumTest" tests="2" failures="0" timestamp="31 May 2019 06:25:31 GMT" time="0.025" errors="0">
  <testcase name="selenium2" time="0.001" classname="qaclickacademy.seleniumTest"/>
  <testcase name="selenium1" time="0.024" classname="qaclickacademy.seleniumTest"/>
</testsuite> <!-- qaclickacademy.seleniumTest -->
