<?xml version="1.0" encoding="UTF-8"?>
<!-- Generated by org.testng.reporters.JUnitReportReporter -->
<testsuite skipped="0" hostname="Arun-PC" name="qaclickacademy.RESTAPITest" tests="2" failures="0" timestamp="31 May 2019 06:25:31 GMT" time="0.000" errors="0">
  <testcase name="rest1" time="0.000" classname="qaclickacademy.RESTAPITest"/>
  <testcase name="rest2" time="0.000" classname="qaclickacademy.RESTAPITest"/>
</testsuite> <!-- qaclickacademy.RESTAPITest -->
